*** Starting uWSGI 2.0.20 (64bit) on [Thu Mar 10 17:04:06 2022] ***
compiled with version: 9.3.0 on 22 December 2021 12:39:30
os: Linux-5.13.0-30-generic #33~20.04.1-Ubuntu SMP Mon Feb 7 14:25:10 UTC 2022
nodename: zh-virtual-machine
machine: x86_64
clock source: unix
pcre jit disabled
detected number of CPU cores: 2
current working directory: /home/zh/projects1/myobject/myobject
writing pidfile to uwsgi.pid
detected binary path: /usr/local/bin/uwsgi
chdir() to /home/projects1/myobject
chdir(): No such file or directory [core/uwsgi.c line 2625]
*** Starting uWSGI 2.0.20 (64bit) on [Thu Mar 10 17:08:00 2022] ***
compiled with version: 9.3.0 on 22 December 2021 12:39:30
os: Linux-5.13.0-30-generic #33~20.04.1-Ubuntu SMP Mon Feb 7 14:25:10 UTC 2022
nodename: zh-virtual-machine
machine: x86_64
clock source: unix
pcre jit disabled
detected number of CPU cores: 2
current working directory: /home/zh/projects1/myobject/myobject
writing pidfile to uwsgi.pid
detected binary path: /usr/local/bin/uwsgi
chdir() to /home/projects1/myobject
chdir(): No such file or directory [core/uwsgi.c line 2625]
*** Starting uWSGI 2.0.20 (64bit) on [Thu Mar 10 17:11:50 2022] ***
compiled with version: 9.3.0 on 22 December 2021 12:39:30
os: Linux-5.13.0-30-generic #33~20.04.1-Ubuntu SMP Mon Feb 7 14:25:10 UTC 2022
nodename: zh-virtual-machine
machine: x86_64
clock source: unix
pcre jit disabled
detected number of CPU cores: 2
current working directory: /home/zh/projects1/myobject/myobject
writing pidfile to uwsgi.pid
detected binary path: /usr/local/bin/uwsgi
chdir() to /home/projects1/myobject
chdir(): No such file or directory [core/uwsgi.c line 2625]
*** Starting uWSGI 2.0.20 (64bit) on [Thu Mar 10 17:12:49 2022] ***
compiled with version: 9.3.0 on 22 December 2021 12:39:30
os: Linux-5.13.0-30-generic #33~20.04.1-Ubuntu SMP Mon Feb 7 14:25:10 UTC 2022
nodename: zh-virtual-machine
machine: x86_64
clock source: unix
pcre jit disabled
detected number of CPU cores: 2
current working directory: /home/zh/projects1/myobject/myobject
writing pidfile to uwsgi.pid
detected binary path: /usr/local/bin/uwsgi
chdir() to /home/projects1
chdir(): No such file or directory [core/uwsgi.c line 2625]
*** Starting uWSGI 2.0.20 (64bit) on [Thu Mar 10 17:14:27 2022] ***
compiled with version: 9.3.0 on 22 December 2021 12:39:30
os: Linux-5.13.0-30-generic #33~20.04.1-Ubuntu SMP Mon Feb 7 14:25:10 UTC 2022
nodename: zh-virtual-machine
machine: x86_64
clock source: unix
pcre jit disabled
detected number of CPU cores: 2
current working directory: /home/zh/projects1/myobject/myobject
writing pidfile to uwsgi.pid
detected binary path: /usr/local/bin/uwsgi
chdir() to /home/zh/projects1
your processes number limit is 15295
your memory page size is 4096 bytes
detected max file descriptor number: 1024
lock engine: pthread robust mutexes
thunder lock: disabled (you can enable it with --thunder-lock)
uWSGI http bound on 127.0.0.1:8000 fd 3
probably another instance of uWSGI is running on the same address (127.0.0.1:8000).
bind(): Address already in use [core/socket.c line 769]
*** Starting uWSGI 2.0.20 (64bit) on [Thu Mar 10 17:27:50 2022] ***
compiled with version: 9.3.0 on 22 December 2021 12:39:30
os: Linux-5.13.0-30-generic #33~20.04.1-Ubuntu SMP Mon Feb 7 14:25:10 UTC 2022
nodename: zh-virtual-machine
machine: x86_64
clock source: unix
pcre jit disabled
detected number of CPU cores: 2
current working directory: /home/zh/projects1/myobject/myobject
writing pidfile to uwsgi.pid
detected binary path: /usr/local/bin/uwsgi
chdir() to /home/zh/projects1/myobject
your processes number limit is 15295
your memory page size is 4096 bytes
detected max file descriptor number: 1024
lock engine: pthread robust mutexes
thunder lock: disabled (you can enable it with --thunder-lock)
uWSGI http bound on 127.0.0.1:8000 fd 4
uwsgi socket 0 bound to TCP address 127.0.0.1:42245 (port auto-assigned) fd 3
Python version: 3.8.10 (default, Nov 26 2021, 20:14:08)  [GCC 9.3.0]
Python main interpreter initialized at 0x55b4e6457b20
python threads support enabled
your server socket listen backlog is limited to 100 connections
your mercy for graceful operations on workers is 60 seconds
mapped 166752 bytes (162 KB) for 2 cores
*** Operational MODE: threaded ***
*** no app loaded. going in full dynamic mode ***
*** uWSGI is running in multiple interpreter mode ***
spawned uWSGI master process (pid: 7374)
spawned uWSGI worker 1 (pid: 7375, cores: 2)
spawned uWSGI http 1 (pid: 7376)
--- no python application found, check your startup logs for errors ---
[pid: 7375|app: -1|req: -1/1] 127.0.0.1 () {46 vars in 833 bytes} [Thu Mar 10 17:28:22 2022] GET / => generated 21 bytes in 0 msecs (HTTP/1.1 500) 2 headers in 83 bytes (0 switches on core 0)
--- no python application found, check your startup logs for errors ---
[pid: 7375|app: -1|req: -1/2] 127.0.0.1 () {44 vars in 776 bytes} [Thu Mar 10 17:28:22 2022] GET /favicon.ico => generated 21 bytes in 0 msecs (HTTP/1.1 500) 2 headers in 83 bytes (0 switches on core 1)
respawned uWSGI http 1 (pid: 7622)
--- no python application found, check your startup logs for errors ---
[pid: 7375|app: -1|req: -1/3] 127.0.0.1 () {46 vars in 833 bytes} [Thu Mar 10 17:31:34 2022] GET / => generated 21 bytes in 0 msecs (HTTP/1.1 500) 2 headers in 83 bytes (0 switches on core 0)
--- no python application found, check your startup logs for errors ---
[pid: 7375|app: -1|req: -1/4] 127.0.0.1 () {46 vars in 841 bytes} [Thu Mar 10 17:31:39 2022] GET /web/ => generated 21 bytes in 0 msecs (HTTP/1.1 500) 2 headers in 83 bytes (0 switches on core 1)
--- no python application found, check your startup logs for errors ---
[pid: 7375|app: -1|req: -1/5] 127.0.0.1 () {46 vars in 841 bytes} [Thu Mar 10 17:31:42 2022] GET /web/ => generated 21 bytes in 0 msecs (HTTP/1.1 500) 2 headers in 83 bytes (0 switches on core 0)
--- no python application found, check your startup logs for errors ---
[pid: 7375|app: -1|req: -1/6] 127.0.0.1 () {46 vars in 833 bytes} [Thu Mar 10 17:33:25 2022] GET / => generated 21 bytes in 0 msecs (HTTP/1.1 500) 2 headers in 83 bytes (0 switches on core 1)
SIGINT/SIGTERM received...killing workers...
gateway "uWSGI http 1" has been buried (pid: 7622)
worker 1 buried after 1 seconds
goodbye to uWSGI.
*** Starting uWSGI 2.0.20 (64bit) on [Thu Mar 10 17:35:42 2022] ***
compiled with version: 9.3.0 on 22 December 2021 12:39:30
os: Linux-5.13.0-30-generic #33~20.04.1-Ubuntu SMP Mon Feb 7 14:25:10 UTC 2022
nodename: zh-virtual-machine
machine: x86_64
clock source: unix
pcre jit disabled
detected number of CPU cores: 2
current working directory: /home/zh/projects1/myobject/myobject
writing pidfile to uwsgi.pid
detected binary path: /usr/local/bin/uwsgi
chdir() to /home/zh/projects1/myobject
your processes number limit is 15295
your memory page size is 4096 bytes
detected max file descriptor number: 1024
lock engine: pthread robust mutexes
thunder lock: disabled (you can enable it with --thunder-lock)
uWSGI http bound on 127.0.0.1:8000 fd 4
uwsgi socket 0 bound to TCP address 127.0.0.1:43743 (port auto-assigned) fd 3
Python version: 3.8.10 (default, Nov 26 2021, 20:14:08)  [GCC 9.3.0]
Python main interpreter initialized at 0x559174d81b30
python threads support enabled
your server socket listen backlog is limited to 100 connections
your mercy for graceful operations on workers is 60 seconds
mapped 166752 bytes (162 KB) for 2 cores
*** Operational MODE: threaded ***
*** no app loaded. going in full dynamic mode ***
*** uWSGI is running in multiple interpreter mode ***
spawned uWSGI master process (pid: 7702)
spawned uWSGI worker 1 (pid: 7703, cores: 2)
spawned uWSGI http 1 (pid: 7704)
--- no python application found, check your startup logs for errors ---
[pid: 7703|app: -1|req: -1/1] 127.0.0.1 () {46 vars in 833 bytes} [Thu Mar 10 17:36:01 2022] GET / => generated 21 bytes in 0 msecs (HTTP/1.1 500) 2 headers in 83 bytes (0 switches on core 0)
SIGINT/SIGTERM received...killing workers...
gateway "uWSGI http 1" has been buried (pid: 7704)
worker 1 buried after 1 seconds
goodbye to uWSGI.
*** Starting uWSGI 2.0.20 (64bit) on [Thu Mar 10 17:37:08 2022] ***
compiled with version: 9.3.0 on 22 December 2021 12:39:30
os: Linux-5.13.0-30-generic #33~20.04.1-Ubuntu SMP Mon Feb 7 14:25:10 UTC 2022
nodename: zh-virtual-machine
machine: x86_64
clock source: unix
pcre jit disabled
detected number of CPU cores: 2
current working directory: /home/zh/projects1/myobject/myobject
writing pidfile to uwsgi.pid
detected binary path: /usr/local/bin/uwsgi
chdir() to /home/zh/projects1/myobject
your processes number limit is 15295
your memory page size is 4096 bytes
detected max file descriptor number: 1024
lock engine: pthread robust mutexes
thunder lock: disabled (you can enable it with --thunder-lock)
uWSGI http bound on 127.0.0.1:8000 fd 4
uwsgi socket 0 bound to TCP address 127.0.0.1:45125 (port auto-assigned) fd 3
Python version: 3.8.10 (default, Nov 26 2021, 20:14:08)  [GCC 9.3.0]
Python main interpreter initialized at 0x5620bdd5fb40
python threads support enabled
your server socket listen backlog is limited to 100 connections
your mercy for graceful operations on workers is 60 seconds
mapped 166752 bytes (162 KB) for 2 cores
*** Operational MODE: threaded ***
*** no app loaded. going in full dynamic mode ***
*** uWSGI is running in multiple interpreter mode ***
spawned uWSGI master process (pid: 7733)
spawned uWSGI worker 1 (pid: 7734, cores: 2)
spawned uWSGI http 1 (pid: 7735)
--- no python application found, check your startup logs for errors ---
[pid: 7734|app: -1|req: -1/1] 127.0.0.1 () {46 vars in 833 bytes} [Thu Mar 10 17:37:18 2022] GET / => generated 21 bytes in 0 msecs (HTTP/1.1 500) 2 headers in 83 bytes (0 switches on core 0)
SIGINT/SIGTERM received...killing workers...
gateway "uWSGI http 1" has been buried (pid: 7735)
worker 1 buried after 1 seconds
goodbye to uWSGI.
*** Starting uWSGI 2.0.20 (64bit) on [Thu Mar 10 17:38:53 2022] ***
compiled with version: 9.3.0 on 22 December 2021 12:39:30
os: Linux-5.13.0-30-generic #33~20.04.1-Ubuntu SMP Mon Feb 7 14:25:10 UTC 2022
nodename: zh-virtual-machine
machine: x86_64
clock source: unix
pcre jit disabled
detected number of CPU cores: 2
current working directory: /home/zh/projects1/myobject/myobject
writing pidfile to uwsgi.pid
detected binary path: /usr/local/bin/uwsgi
chdir() to /home/zh/projects1/myobject
your processes number limit is 15295
your memory page size is 4096 bytes
detected max file descriptor number: 1024
lock engine: pthread robust mutexes
thunder lock: disabled (you can enable it with --thunder-lock)
uWSGI http bound on 127.0.0.1:8000 fd 4
uwsgi socket 0 bound to TCP address 127.0.0.1:40399 (port auto-assigned) fd 3
Python version: 3.8.10 (default, Nov 26 2021, 20:14:08)  [GCC 9.3.0]
Python main interpreter initialized at 0x555fc94fbb30
python threads support enabled
your server socket listen backlog is limited to 100 connections
your mercy for graceful operations on workers is 60 seconds
mapped 166752 bytes (162 KB) for 2 cores
*** Operational MODE: threaded ***
*** no app loaded. going in full dynamic mode ***
*** uWSGI is running in multiple interpreter mode ***
spawned uWSGI master process (pid: 7761)
spawned uWSGI worker 1 (pid: 7762, cores: 2)
spawned uWSGI http 1 (pid: 7763)
--- no python application found, check your startup logs for errors ---
[pid: 7762|app: -1|req: -1/1] 127.0.0.1 () {46 vars in 833 bytes} [Thu Mar 10 17:39:10 2022] GET / => generated 21 bytes in 0 msecs (HTTP/1.1 500) 2 headers in 83 bytes (0 switches on core 0)
SIGINT/SIGTERM received...killing workers...
gateway "uWSGI http 1" has been buried (pid: 7763)
worker 1 buried after 1 seconds
goodbye to uWSGI.
*** Starting uWSGI 2.0.20 (64bit) on [Thu Mar 10 17:40:09 2022] ***
compiled with version: 9.3.0 on 22 December 2021 12:39:30
os: Linux-5.13.0-30-generic #33~20.04.1-Ubuntu SMP Mon Feb 7 14:25:10 UTC 2022
nodename: zh-virtual-machine
machine: x86_64
clock source: unix
pcre jit disabled
detected number of CPU cores: 2
current working directory: /home/zh/projects1/myobject/myobject
writing pidfile to uwsgi.pid
detected binary path: /usr/local/bin/uwsgi
chdir() to /home/zh/projects1/myobject
your processes number limit is 15295
your memory page size is 4096 bytes
detected max file descriptor number: 1024
lock engine: pthread robust mutexes
thunder lock: disabled (you can enable it with --thunder-lock)
uWSGI http bound on 127.0.0.1:8000 fd 4
uwsgi socket 0 bound to TCP address 127.0.0.1:36159 (port auto-assigned) fd 3
Python version: 3.8.10 (default, Nov 26 2021, 20:14:08)  [GCC 9.3.0]
Python main interpreter initialized at 0x55f5abb65b20
python threads support enabled
your server socket listen backlog is limited to 100 connections
your mercy for graceful operations on workers is 60 seconds
mapped 166752 bytes (162 KB) for 2 cores
*** Operational MODE: threaded ***
*** no app loaded. going in full dynamic mode ***
*** uWSGI is running in multiple interpreter mode ***
spawned uWSGI master process (pid: 7786)
spawned uWSGI worker 1 (pid: 7787, cores: 2)
spawned uWSGI http 1 (pid: 7788)
--- no python application found, check your startup logs for errors ---
[pid: 7787|app: -1|req: -1/1] 127.0.0.1 () {46 vars in 833 bytes} [Thu Mar 10 17:40:20 2022] GET / => generated 21 bytes in 0 msecs (HTTP/1.1 500) 2 headers in 83 bytes (0 switches on core 0)
--- no python application found, check your startup logs for errors ---
[pid: 7787|app: -1|req: -1/2] 127.0.0.1 () {46 vars in 833 bytes} [Thu Mar 10 17:40:34 2022] GET / => generated 21 bytes in 0 msecs (HTTP/1.1 500) 2 headers in 83 bytes (0 switches on core 1)
SIGINT/SIGTERM received...killing workers...
gateway "uWSGI http 1" has been buried (pid: 7788)
worker 1 buried after 1 seconds
goodbye to uWSGI.
*** Starting uWSGI 2.0.20 (64bit) on [Thu Mar 10 17:41:33 2022] ***
compiled with version: 9.3.0 on 22 December 2021 12:39:30
os: Linux-5.13.0-30-generic #33~20.04.1-Ubuntu SMP Mon Feb 7 14:25:10 UTC 2022
nodename: zh-virtual-machine
machine: x86_64
clock source: unix
pcre jit disabled
detected number of CPU cores: 2
current working directory: /home/zh/projects1/myobject/myobject
writing pidfile to uwsgi.pid
detected binary path: /usr/local/bin/uwsgi
chdir() to /home/zh/projects1/myobject
your processes number limit is 15295
your memory page size is 4096 bytes
detected max file descriptor number: 1024
lock engine: pthread robust mutexes
thunder lock: disabled (you can enable it with --thunder-lock)
uWSGI http bound on 127.0.0.1:8000 fd 4
uwsgi socket 0 bound to TCP address 127.0.0.1:46485 (port auto-assigned) fd 3
Python version: 3.8.10 (default, Nov 26 2021, 20:14:08)  [GCC 9.3.0]
Python main interpreter initialized at 0x55d910f63b20
python threads support enabled
your server socket listen backlog is limited to 100 connections
your mercy for graceful operations on workers is 60 seconds
mapped 166752 bytes (162 KB) for 2 cores
*** Operational MODE: threaded ***
ShopMiddleware
WSGI app 0 (mountpoint='') ready in 1 seconds on interpreter 0x55d910f63b20 pid: 8074 (default app)
*** uWSGI is running in multiple interpreter mode ***
spawned uWSGI master process (pid: 8074)
spawned uWSGI worker 1 (pid: 8076, cores: 2)
spawned uWSGI http 1 (pid: 8077)
url: /
[pid: 8076|app: 0|req: 1/1] 127.0.0.1 () {46 vars in 833 bytes} [Thu Mar 10 17:41:41 2022] GET / => generated 0 bytes in 32 msecs (HTTP/1.1 302) 4 headers in 127 bytes (1 switches on core 0)
url: /web/
[pid: 8076|app: 0|req: 2/2] 127.0.0.1 () {46 vars in 841 bytes} [Thu Mar 10 17:41:41 2022] GET /web/ => generated 18449 bytes in 53 msecs (HTTP/1.1 200) 5 headers in 270 bytes (1 switches on core 1)
url: /static/web/css/bootstrap.min.css
Not Found: /static/web/css/bootstrap.min.css
[pid: 8076|app: 0|req: 3/3] 127.0.0.1 () {46 vars in 870 bytes} [Thu Mar 10 17:41:41 2022] GET /static/web/css/bootstrap.min.css => generated 3256 bytes in 7 msecs (HTTP/1.1 404) 3 headers in 102 bytes (1 switches on core 0)
SIGINT/SIGTERM received...killing workers...
gateway "uWSGI http 1" has been buried (pid: 8077)
worker 1 buried after 1 seconds
goodbye to uWSGI.
*** Starting uWSGI 2.0.20 (64bit) on [Thu Mar 10 17:59:15 2022] ***
compiled with version: 9.3.0 on 22 December 2021 12:39:30
os: Linux-5.13.0-30-generic #33~20.04.1-Ubuntu SMP Mon Feb 7 14:25:10 UTC 2022
nodename: zh-virtual-machine
machine: x86_64
clock source: unix
pcre jit disabled
detected number of CPU cores: 2
current working directory: /home/zh/projects1/myobject/myobject
writing pidfile to uwsgi.pid
detected binary path: /usr/local/bin/uwsgi
chdir() to /home/zh/projects1/myobject
your processes number limit is 15295
your memory page size is 4096 bytes
detected max file descriptor number: 1024
lock engine: pthread robust mutexes
thunder lock: disabled (you can enable it with --thunder-lock)
uwsgi socket 0 bound to TCP address 127.0.0.1:8000 fd 3
Python version: 3.8.10 (default, Nov 26 2021, 20:14:08)  [GCC 9.3.0]
Python main interpreter initialized at 0x563b18807a30
python threads support enabled
your server socket listen backlog is limited to 100 connections
your mercy for graceful operations on workers is 60 seconds
mapped 166752 bytes (162 KB) for 2 cores
*** Operational MODE: threaded ***
ShopMiddleware
WSGI app 0 (mountpoint='') ready in 0 seconds on interpreter 0x563b18807a30 pid: 8221 (default app)
*** uWSGI is running in multiple interpreter mode ***
spawned uWSGI master process (pid: 8221)
spawned uWSGI worker 1 (pid: 8223, cores: 2)
SIGINT/SIGTERM received...killing workers...
worker 1 buried after 1 seconds
goodbye to uWSGI.
*** Starting uWSGI 2.0.20 (64bit) on [Thu Mar 10 18:02:52 2022] ***
compiled with version: 9.3.0 on 22 December 2021 12:39:30
os: Linux-5.13.0-30-generic #33~20.04.1-Ubuntu SMP Mon Feb 7 14:25:10 UTC 2022
nodename: zh-virtual-machine
machine: x86_64
clock source: unix
pcre jit disabled
detected number of CPU cores: 2
current working directory: /home/zh/projects1/myobject/myobject
writing pidfile to uwsgi.pid
detected binary path: /usr/local/bin/uwsgi
chdir() to /home/zh/projects1/myobject
your processes number limit is 15295
your memory page size is 4096 bytes
detected max file descriptor number: 1024
lock engine: pthread robust mutexes
thunder lock: disabled (you can enable it with --thunder-lock)
uwsgi socket 0 bound to TCP address 127.0.0.1:8000 fd 3
Python version: 3.8.10 (default, Nov 26 2021, 20:14:08)  [GCC 9.3.0]
Python main interpreter initialized at 0x5562160aca30
python threads support enabled
your server socket listen backlog is limited to 100 connections
your mercy for graceful operations on workers is 60 seconds
mapped 166752 bytes (162 KB) for 2 cores
*** Operational MODE: threaded ***
ShopMiddleware
WSGI app 0 (mountpoint='') ready in 0 seconds on interpreter 0x5562160aca30 pid: 8260 (default app)
*** uWSGI is running in multiple interpreter mode ***
spawned uWSGI master process (pid: 8260)
spawned uWSGI worker 1 (pid: 8262, cores: 2)
invalid request block size: 21573 (max 4096)...skip
invalid request block size: 21573 (max 4096)...skip
invalid request block size: 21573 (max 4096)...skip
invalid request block size: 21573 (max 4096)...skip
invalid request block size: 21573 (max 4096)...skip
invalid request block size: 21573 (max 4096)...skip
invalid request block size: 21573 (max 4096)...skip
invalid request block size: 21573 (max 4096)...skip
invalid request block size: 21573 (max 4096)...skip
invalid request block size: 21573 (max 4096)...skip
url: /
[pid: 8262|app: 0|req: 1/1] 127.0.0.1 () {50 vars in 860 bytes} [Thu Mar 10 18:03:05 2022] GET / => generated 0 bytes in 29 msecs (HTTP/1.1 302) 4 headers in 127 bytes (1 switches on core 0)
url: /web/
[pid: 8262|app: 0|req: 2/2] 127.0.0.1 () {50 vars in 868 bytes} [Thu Mar 10 18:03:05 2022] GET /web/ => generated 18449 bytes in 61 msecs (HTTP/1.1 200) 5 headers in 270 bytes (1 switches on core 1)
url: /web/
[pid: 8262|app: 0|req: 3/3] 127.0.0.1 () {52 vars in 899 bytes} [Thu Mar 10 18:54:38 2022] GET /web/ => generated 18449 bytes in 38 msecs (HTTP/1.1 200) 5 headers in 270 bytes (1 switches on core 0)
url: /web/
[pid: 8262|app: 0|req: 4/4] 127.0.0.1 () {52 vars in 899 bytes} [Thu Mar 10 18:58:18 2022] GET /web/ => generated 18449 bytes in 25 msecs (HTTP/1.1 200) 5 headers in 270 bytes (1 switches on core 1)
invalid request block size: 21573 (max 4096)...skip
invalid request block size: 21573 (max 4096)...skip
invalid request block size: 21573 (max 4096)...skip
invalid request block size: 21573 (max 4096)...skip
invalid request block size: 21573 (max 4096)...skip
invalid request block size: 21573 (max 4096)...skip
invalid request block size: 21573 (max 4096)...skip
invalid request block size: 21573 (max 4096)...skip
invalid request block size: 21573 (max 4096)...skip
invalid request block size: 21573 (max 4096)...skip
invalid request block size: 21573 (max 4096)...skip
invalid request block size: 21573 (max 4096)...skip
invalid request block size: 21573 (max 4096)...skip
invalid request block size: 21573 (max 4096)...skip
invalid request block size: 21573 (max 4096)...skip
invalid request block size: 21573 (max 4096)...skip
invalid request block size: 21573 (max 4096)...skip
invalid request block size: 21573 (max 4096)...skip
invalid request block size: 21573 (max 4096)...skip
invalid request block size: 21573 (max 4096)...skip
invalid request block size: 21573 (max 4096)...skip
invalid request block size: 21573 (max 4096)...skip
invalid request block size: 21573 (max 4096)...skip
invalid request block size: 21573 (max 4096)...skip
invalid request block size: 21573 (max 4096)...skip
invalid request block size: 21573 (max 4096)...skip
invalid request block size: 21573 (max 4096)...skip
invalid request block size: 21573 (max 4096)...skip
invalid request block size: 21573 (max 4096)...skip
invalid request block size: 21573 (max 4096)...skip
Thu Mar 10 19:00:34 2022 - uWSGI worker 1 screams: UAAAAAAH my master disconnected: i will kill myself !!!
Thu Mar 10 19:00:34 2022 - uWSGI worker 1 screams: UAAAAAAH my master disconnected: i will kill myself !!!
*** Starting uWSGI 2.0.20 (64bit) on [Thu Mar 10 19:09:41 2022] ***
compiled with version: 9.3.0 on 22 December 2021 12:39:30
os: Linux-5.13.0-30-generic #33~20.04.1-Ubuntu SMP Mon Feb 7 14:25:10 UTC 2022
nodename: zh-virtual-machine
machine: x86_64
clock source: unix
pcre jit disabled
detected number of CPU cores: 2
current working directory: /home/zh/projects1/myobject/myobject
writing pidfile to uwsgi.pid
detected binary path: /usr/local/bin/uwsgi
chdir() to /home/zh/projects1/myobject
your processes number limit is 15295
your memory page size is 4096 bytes
detected max file descriptor number: 1024
lock engine: pthread robust mutexes
thunder lock: disabled (you can enable it with --thunder-lock)
uwsgi socket 0 bound to TCP address 127.0.0.1:8000 fd 3
Python version: 3.8.10 (default, Nov 26 2021, 20:14:08)  [GCC 9.3.0]
Python main interpreter initialized at 0x558759c26a30
python threads support enabled
your server socket listen backlog is limited to 100 connections
your mercy for graceful operations on workers is 60 seconds
mapped 166752 bytes (162 KB) for 2 cores
*** Operational MODE: threaded ***
ShopMiddleware
WSGI app 0 (mountpoint='') ready in 0 seconds on interpreter 0x558759c26a30 pid: 8991 (default app)
*** uWSGI is running in multiple interpreter mode ***
spawned uWSGI master process (pid: 8991)
spawned uWSGI worker 1 (pid: 8993, cores: 2)
invalid request block size: 21573 (max 4096)...skip
invalid request block size: 21573 (max 4096)...skip
invalid request block size: 21573 (max 4096)...skip
invalid request block size: 21573 (max 4096)...skip
invalid request block size: 21573 (max 4096)...skip
invalid request block size: 21573 (max 4096)...skip
invalid request block size: 21573 (max 4096)...skip
invalid request block size: 21573 (max 4096)...skip
invalid request block size: 21573 (max 4096)...skip
invalid request block size: 21573 (max 4096)...skip
invalid request block size: 21573 (max 4096)...skip
invalid request block size: 21573 (max 4096)...skip
invalid request block size: 21573 (max 4096)...skip
invalid request block size: 21573 (max 4096)...skip
invalid request block size: 21573 (max 4096)...skip
invalid request block size: 21573 (max 4096)...skip
invalid request block size: 21573 (max 4096)...skip
invalid request block size: 21573 (max 4096)...skip
invalid request block size: 21573 (max 4096)...skip
invalid request block size: 21573 (max 4096)...skip
invalid request block size: 21573 (max 4096)...skip
invalid request block size: 21573 (max 4096)...skip
invalid request block size: 21573 (max 4096)...skip
invalid request block size: 21573 (max 4096)...skip
invalid request block size: 21573 (max 4096)...skip
invalid request block size: 21573 (max 4096)...skip
invalid request block size: 21573 (max 4096)...skip
invalid request block size: 21573 (max 4096)...skip
invalid request block size: 21573 (max 4096)...skip
invalid request block size: 21573 (max 4096)...skip
invalid request block size: 21573 (max 4096)...skip
invalid request block size: 21573 (max 4096)...skip
invalid request block size: 21573 (max 4096)...skip
invalid request block size: 21573 (max 4096)...skip
invalid request block size: 21573 (max 4096)...skip
invalid request block size: 21573 (max 4096)...skip
invalid request block size: 21573 (max 4096)...skip
invalid request block size: 21573 (max 4096)...skip
invalid request block size: 21573 (max 4096)...skip
invalid request block size: 21573 (max 4096)...skip
invalid request block size: 21573 (max 4096)...skip
invalid request block size: 21573 (max 4096)...skip
invalid request block size: 21573 (max 4096)...skip
invalid request block size: 21573 (max 4096)...skip
invalid request block size: 21573 (max 4096)...skip
invalid request block size: 21573 (max 4096)...skip
invalid request block size: 21573 (max 4096)...skip
invalid request block size: 21573 (max 4096)...skip
invalid request block size: 21573 (max 4096)...skip
invalid request block size: 21573 (max 4096)...skip
url: /
[pid: 8993|app: 0|req: 1/1] 127.0.0.1 () {50 vars in 860 bytes} [Thu Mar 10 19:12:03 2022] GET / => generated 0 bytes in 43 msecs (HTTP/1.1 302) 4 headers in 127 bytes (1 switches on core 0)
url: /web/
[pid: 8993|app: 0|req: 2/2] 127.0.0.1 () {50 vars in 868 bytes} [Thu Mar 10 19:12:03 2022] GET /web/ => generated 18449 bytes in 88 msecs (HTTP/1.1 200) 5 headers in 270 bytes (1 switches on core 1)
url: /web/
[pid: 8993|app: 0|req: 3/3] 127.0.0.1 () {52 vars in 899 bytes} [Thu Mar 10 19:17:07 2022] GET /web/ => generated 18449 bytes in 29 msecs (HTTP/1.1 200) 5 headers in 270 bytes (1 switches on core 0)
url: /web/
[pid: 8993|app: 0|req: 4/4] 127.0.0.1 () {52 vars in 899 bytes} [Thu Mar 10 19:17:09 2022] GET /web/ => generated 18449 bytes in 28 msecs (HTTP/1.1 200) 5 headers in 270 bytes (1 switches on core 1)
url: /web/
[pid: 8993|app: 0|req: 5/5] 127.0.0.1 () {52 vars in 899 bytes} [Thu Mar 10 21:24:23 2022] GET /web/ => generated 18449 bytes in 69 msecs (HTTP/1.1 200) 5 headers in 270 bytes (1 switches on core 0)
[pid: 8993|app: 0|req: 6/6] 127.0.0.1 () {50 vars in 870 bytes} [Thu Mar 10 21:39:16 2022] GET /admin => generated 0 bytes in 3 msecs (HTTP/1.1 301) 3 headers in 112 bytes (1 switches on core 0)
url: /admin/
[pid: 8993|app: 0|req: 7/7] 127.0.0.1 () {50 vars in 872 bytes} [Thu Mar 10 21:39:16 2022] GET /admin/ => generated 3011 bytes in 119 msecs (HTTP/1.1 200) 6 headers in 227 bytes (1 switches on core 1)
url: /admin/
[pid: 8993|app: 0|req: 8/8] 127.0.0.1 () {52 vars in 903 bytes} [Thu Mar 10 21:39:20 2022] GET /admin/ => generated 3011 bytes in 29 msecs (HTTP/1.1 200) 6 headers in 227 bytes (1 switches on core 0)
url: /admin/auth/group/
[pid: 8993|app: 0|req: 9/9] 127.0.0.1 () {52 vars in 940 bytes} [Thu Mar 10 21:39:26 2022] GET /admin/auth/group/ => generated 3490 bytes in 54 msecs (HTTP/1.1 200) 7 headers in 395 bytes (1 switches on core 1)
url: /admin/jsi18n/
[pid: 8993|app: 0|req: 10/10] 127.0.0.1 () {48 vars in 798 bytes} [Thu Mar 10 21:39:26 2022] GET /admin/jsi18n/ => generated 7722 bytes in 17 msecs (HTTP/1.1 200) 4 headers in 132 bytes (1 switches on core 0)
url: /admin/
[pid: 8993|app: 0|req: 11/11] 127.0.0.1 () {50 vars in 872 bytes} [Thu Mar 10 21:39:28 2022] GET /admin/ => generated 3011 bytes in 31 msecs (HTTP/1.1 200) 6 headers in 227 bytes (1 switches on core 1)
url: /admin/
[pid: 8993|app: 0|req: 12/12] 127.0.0.1 () {50 vars in 872 bytes} [Thu Mar 10 21:40:02 2022] GET /admin/ => generated 3011 bytes in 29 msecs (HTTP/1.1 200) 6 headers in 227 bytes (1 switches on core 0)
url: /admin/logout/
[pid: 8993|app: 0|req: 13/13] 127.0.0.1 () {52 vars in 932 bytes} [Thu Mar 10 21:41:30 2022] GET /admin/logout/ => generated 1196 bytes in 47 msecs (HTTP/1.1 200) 6 headers in 298 bytes (1 switches on core 1)
url: /admin/
[pid: 8993|app: 0|req: 14/14] 127.0.0.1 () {52 vars in 881 bytes} [Thu Mar 10 21:41:35 2022] GET /admin/ => generated 0 bytes in 1 msecs (HTTP/1.1 302) 7 headers in 265 bytes (1 switches on core 0)
url: /admin/login/
[pid: 8993|app: 0|req: 15/15] 127.0.0.1 () {52 vars in 918 bytes} [Thu Mar 10 21:41:35 2022] GET /admin/login/?next=/admin/ => generated 1821 bytes in 37 msecs (HTTP/1.1 200) 7 headers in 395 bytes (1 switches on core 1)
url: /admin/login/
[pid: 8993|app: 0|req: 16/16] 127.0.0.1 () {58 vars in 1078 bytes} [Thu Mar 10 21:41:36 2022] POST /admin/login/?next=/admin/ => generated 1958 bytes in 90 msecs (HTTP/1.1 200) 7 headers in 395 bytes (1 switches on core 0)
url: /admin/login/
[pid: 8993|app: 0|req: 17/17] 127.0.0.1 () {58 vars in 1078 bytes} [Thu Mar 10 21:41:46 2022] POST /admin/login/?next=/admin/ => generated 1958 bytes in 74 msecs (HTTP/1.1 200) 7 headers in 395 bytes (1 switches on core 1)
url: /admin/login/
[pid: 8993|app: 0|req: 18/18] 127.0.0.1 () {58 vars in 1078 bytes} [Thu Mar 10 21:42:09 2022] POST /admin/login/?next=/admin/ => generated 1958 bytes in 93 msecs (HTTP/1.1 200) 7 headers in 395 bytes (1 switches on core 0)
url: /admin/login/
[pid: 8993|app: 0|req: 19/19] 127.0.0.1 () {58 vars in 1078 bytes} [Thu Mar 10 21:42:24 2022] POST /admin/login/?next=/admin/ => generated 0 bytes in 111 msecs (HTTP/1.1 302) 9 headers in 559 bytes (1 switches on core 1)
url: /admin/
[pid: 8993|app: 0|req: 20/20] 127.0.0.1 () {52 vars in 937 bytes} [Thu Mar 10 21:42:24 2022] GET /admin/ => generated 3011 bytes in 28 msecs (HTTP/1.1 200) 6 headers in 227 bytes (1 switches on core 0)
url: /admin/auth/user/
[pid: 8993|app: 0|req: 21/21] 127.0.0.1 () {52 vars in 938 bytes} [Thu Mar 10 21:45:42 2022] GET /admin/auth/user/ => generated 6660 bytes in 83 msecs (HTTP/1.1 200) 7 headers in 395 bytes (1 switches on core 1)
url: /admin/jsi18n/
[pid: 8993|app: 0|req: 22/22] 127.0.0.1 () {48 vars in 797 bytes} [Thu Mar 10 21:45:42 2022] GET /admin/jsi18n/ => generated 7722 bytes in 22 msecs (HTTP/1.1 200) 4 headers in 132 bytes (1 switches on core 0)
url: /admin/
[pid: 8993|app: 0|req: 23/23] 127.0.0.1 () {52 vars in 937 bytes} [Thu Mar 10 21:45:49 2022] GET /admin/ => generated 3011 bytes in 26 msecs (HTTP/1.1 200) 6 headers in 227 bytes (1 switches on core 1)
url: /admin/
[pid: 8993|app: 0|req: 24/24] 127.0.0.1 () {52 vars in 918 bytes} [Thu Mar 10 21:46:22 2022] GET /admin/ => generated 3011 bytes in 24 msecs (HTTP/1.1 200) 6 headers in 227 bytes (1 switches on core 0)
url: /
[pid: 8993|app: 0|req: 25/25] 127.0.0.1 () {52 vars in 906 bytes} [Thu Mar 10 21:46:27 2022] GET / => generated 0 bytes in 0 msecs (HTTP/1.1 302) 4 headers in 127 bytes (1 switches on core 1)
url: /web/
[pid: 8993|app: 0|req: 26/26] 127.0.0.1 () {52 vars in 914 bytes} [Thu Mar 10 21:46:27 2022] GET /web/ => generated 0 bytes in 12 msecs (HTTP/1.1 302) 5 headers in 142 bytes (1 switches on core 0)
url: /login
[pid: 8993|app: 0|req: 27/27] 127.0.0.1 () {52 vars in 916 bytes} [Thu Mar 10 21:46:27 2022] GET /login => generated 2597 bytes in 13 msecs (HTTP/1.1 200) 5 headers in 292 bytes (1 switches on core 1)
url: /verify
[pid: 8993|app: 0|req: 28/28] 127.0.0.1 () {48 vars in 793 bytes} [Thu Mar 10 21:46:27 2022] GET /verify => generated 1889 bytes in 88 msecs (HTTP/1.1 200) 5 headers in 254 bytes (1 switches on core 0)
url: /admin/
[pid: 8993|app: 0|req: 29/29] 127.0.0.1 () {52 vars in 918 bytes} [Thu Mar 10 21:46:32 2022] GET /admin/ => generated 3011 bytes in 27 msecs (HTTP/1.1 200) 6 headers in 227 bytes (1 switches on core 1)
SIGINT/SIGTERM received...killing workers...
worker 1 buried after 1 seconds
goodbye to uWSGI.
*** Starting uWSGI 2.0.20 (64bit) on [Thu Mar 10 21:53:11 2022] ***
compiled with version: 9.3.0 on 22 December 2021 12:39:30
os: Linux-5.13.0-30-generic #33~20.04.1-Ubuntu SMP Mon Feb 7 14:25:10 UTC 2022
nodename: zh-virtual-machine
machine: x86_64
clock source: unix
pcre jit disabled
detected number of CPU cores: 2
current working directory: /home/zh/projects1/myobject/myobject
writing pidfile to uwsgi.pid
detected binary path: /usr/local/bin/uwsgi
chdir() to /home/zh/projects1/myobject
your processes number limit is 15295
your memory page size is 4096 bytes
detected max file descriptor number: 1024
lock engine: pthread robust mutexes
thunder lock: disabled (you can enable it with --thunder-lock)
uwsgi socket 0 bound to TCP address 127.0.0.1:8000 fd 3
Python version: 3.8.10 (default, Nov 26 2021, 20:14:08)  [GCC 9.3.0]
Python main interpreter initialized at 0x55b6c24b1a30
python threads support enabled
your server socket listen backlog is limited to 100 connections
your mercy for graceful operations on workers is 60 seconds
mapped 166752 bytes (162 KB) for 2 cores
*** Operational MODE: threaded ***
Traceback (most recent call last):
  File "myobject/wsgi.py", line 16, in <module>
    application = get_wsgi_application()
  File "/usr/local/lib/python3.8/dist-packages/django/core/wsgi.py", line 12, in get_wsgi_application
    django.setup(set_prefix=False)
  File "/usr/local/lib/python3.8/dist-packages/django/__init__.py", line 19, in setup
    configure_logging(settings.LOGGING_CONFIG, settings.LOGGING)
  File "/usr/local/lib/python3.8/dist-packages/django/conf/__init__.py", line 79, in __getattr__
    self._setup(name)
  File "/usr/local/lib/python3.8/dist-packages/django/conf/__init__.py", line 66, in _setup
    self._wrapped = Settings(settings_module)
  File "/usr/local/lib/python3.8/dist-packages/django/conf/__init__.py", line 157, in __init__
    mod = importlib.import_module(self.SETTINGS_MODULE)
  File "/usr/lib/python3.8/importlib/__init__.py", line 127, in import_module
    return _bootstrap._gcd_import(name[level:], package, level)
  File "<frozen importlib._bootstrap>", line 1014, in _gcd_import
  File "<frozen importlib._bootstrap>", line 991, in _find_and_load
  File "<frozen importlib._bootstrap>", line 975, in _find_and_load_unlocked
  File "<frozen importlib._bootstrap>", line 671, in _load_unlocked
  File "<frozen importlib._bootstrap_external>", line 848, in exec_module
  File "<frozen importlib._bootstrap>", line 219, in _call_with_frames_removed
  File "/home/zh/projects1/myobject/./myobject/settings.py", line 124, in <module>
    USE_TZ = Falsed
NameError: name 'Falsed' is not defined
unable to load app 0 (mountpoint='') (callable not found or import error)
*** no app loaded. going in full dynamic mode ***
*** uWSGI is running in multiple interpreter mode ***
spawned uWSGI master process (pid: 10479)
spawned uWSGI worker 1 (pid: 10481, cores: 2)
--- no python application found, check your startup logs for errors ---
[pid: 10481|app: -1|req: -1/1] 127.0.0.1 () {50 vars in 872 bytes} [Thu Mar 10 21:53:44 2022] GET /admin/ => generated 21 bytes in 0 msecs (HTTP/1.1 500) 2 headers in 83 bytes (0 switches on core 0)
--- no python application found, check your startup logs for errors ---
[pid: 10481|app: -1|req: -1/2] 127.0.0.1 () {52 vars in 903 bytes} [Thu Mar 10 21:54:39 2022] GET /admin/ => generated 21 bytes in 0 msecs (HTTP/1.1 500) 2 headers in 83 bytes (0 switches on core 0)
--- no python application found, check your startup logs for errors ---
[pid: 10481|app: -1|req: -1/3] 127.0.0.1 () {52 vars in 903 bytes} [Thu Mar 10 21:54:41 2022] GET /admin/ => generated 21 bytes in 0 msecs (HTTP/1.1 500) 2 headers in 83 bytes (0 switches on core 1)
--- no python application found, check your startup logs for errors ---
[pid: 10481|app: -1|req: -1/4] 127.0.0.1 () {52 vars in 903 bytes} [Thu Mar 10 21:55:55 2022] GET /admin/ => generated 21 bytes in 0 msecs (HTTP/1.1 500) 2 headers in 83 bytes (0 switches on core 0)
--- no python application found, check your startup logs for errors ---
[pid: 10481|app: -1|req: -1/5] 127.0.0.1 () {52 vars in 903 bytes} [Thu Mar 10 21:55:56 2022] GET /admin/ => generated 21 bytes in 0 msecs (HTTP/1.1 500) 2 headers in 83 bytes (0 switches on core 0)
--- no python application found, check your startup logs for errors ---
[pid: 10481|app: -1|req: -1/6] 127.0.0.1 () {50 vars in 860 bytes} [Thu Mar 10 21:56:06 2022] GET / => generated 21 bytes in 0 msecs (HTTP/1.1 500) 2 headers in 83 bytes (0 switches on core 1)
SIGINT/SIGTERM received...killing workers...
worker 1 buried after 1 seconds
goodbye to uWSGI.
*** Starting uWSGI 2.0.20 (64bit) on [Thu Mar 10 21:56:43 2022] ***
compiled with version: 9.3.0 on 22 December 2021 12:39:30
os: Linux-5.13.0-30-generic #33~20.04.1-Ubuntu SMP Mon Feb 7 14:25:10 UTC 2022
nodename: zh-virtual-machine
machine: x86_64
clock source: unix
pcre jit disabled
detected number of CPU cores: 2
current working directory: /home/zh/projects1/myobject/myobject
writing pidfile to uwsgi.pid
detected binary path: /usr/local/bin/uwsgi
chdir() to /home/zh/projects1/myobject
your processes number limit is 15295
your memory page size is 4096 bytes
detected max file descriptor number: 1024
lock engine: pthread robust mutexes
thunder lock: disabled (you can enable it with --thunder-lock)
uwsgi socket 0 bound to TCP address 127.0.0.1:8000 fd 3
Python version: 3.8.10 (default, Nov 26 2021, 20:14:08)  [GCC 9.3.0]
Python main interpreter initialized at 0x558dda1cea30
python threads support enabled
your server socket listen backlog is limited to 100 connections
your mercy for graceful operations on workers is 60 seconds
mapped 166752 bytes (162 KB) for 2 cores
*** Operational MODE: threaded ***
ShopMiddleware
WSGI app 0 (mountpoint='') ready in 1 seconds on interpreter 0x558dda1cea30 pid: 10588 (default app)
*** uWSGI is running in multiple interpreter mode ***
spawned uWSGI master process (pid: 10588)
spawned uWSGI worker 1 (pid: 10590, cores: 2)
url: /
[pid: 10590|app: 0|req: 1/1] 127.0.0.1 () {52 vars in 891 bytes} [Thu Mar 10 21:56:59 2022] GET / => generated 0 bytes in 56 msecs (HTTP/1.1 302) 4 headers in 127 bytes (1 switches on core 0)
url: /web/
[pid: 10590|app: 0|req: 2/2] 127.0.0.1 () {52 vars in 899 bytes} [Thu Mar 10 21:56:59 2022] GET /web/ => generated 0 bytes in 22 msecs (HTTP/1.1 302) 5 headers in 142 bytes (1 switches on core 1)
url: /login
[pid: 10590|app: 0|req: 3/3] 127.0.0.1 () {52 vars in 901 bytes} [Thu Mar 10 21:56:59 2022] GET /login => generated 2597 bytes in 56 msecs (HTTP/1.1 200) 5 headers in 292 bytes (1 switches on core 0)
url: /verify
[pid: 10590|app: 0|req: 4/4] 127.0.0.1 () {50 vars in 824 bytes} [Thu Mar 10 21:56:59 2022] GET /verify => generated 1938 bytes in 49 msecs (HTTP/1.1 200) 5 headers in 254 bytes (1 switches on core 1)
url: /admin/
[pid: 10590|app: 0|req: 5/5] 127.0.0.1 () {50 vars in 872 bytes} [Thu Mar 10 21:57:10 2022] GET /admin/ => generated 6354 bytes in 58 msecs (HTTP/1.1 200) 6 headers in 227 bytes (1 switches on core 0)
url: /admin/myadmin/category/
[pid: 10590|app: 0|req: 6/6] 127.0.0.1 () {52 vars in 952 bytes} [Thu Mar 10 21:57:14 2022] GET /admin/myadmin/category/ => generated 6989 bytes in 94 msecs (HTTP/1.1 200) 7 headers in 395 bytes (1 switches on core 1)
url: /admin/jsi18n/
[pid: 10590|app: 0|req: 7/7] 127.0.0.1 () {48 vars in 804 bytes} [Thu Mar 10 21:57:15 2022] GET /admin/jsi18n/ => generated 7722 bytes in 20 msecs (HTTP/1.1 200) 4 headers in 132 bytes (1 switches on core 0)
url: /admin/myadmin/category/12/change/
[pid: 10590|app: 0|req: 8/8] 127.0.0.1 () {52 vars in 989 bytes} [Thu Mar 10 21:57:19 2022] GET /admin/myadmin/category/12/change/ => generated 7125 bytes in 85 msecs (HTTP/1.1 200) 7 headers in 395 bytes (1 switches on core 1)
url: /admin/jsi18n/
[pid: 10590|app: 0|req: 9/9] 127.0.0.1 () {48 vars in 814 bytes} [Thu Mar 10 21:57:19 2022] GET /admin/jsi18n/ => generated 7722 bytes in 16 msecs (HTTP/1.1 200) 4 headers in 132 bytes (1 switches on core 0)
url: /admin/myadmin/category/
[pid: 10590|app: 0|req: 10/10] 127.0.0.1 () {52 vars in 952 bytes} [Thu Mar 10 21:57:23 2022] GET /admin/myadmin/category/ => generated 6989 bytes in 78 msecs (HTTP/1.1 200) 7 headers in 395 bytes (1 switches on core 1)
url: /admin/
[pid: 10590|app: 0|req: 11/11] 127.0.0.1 () {50 vars in 872 bytes} [Thu Mar 10 21:57:24 2022] GET /admin/ => generated 6354 bytes in 39 msecs (HTTP/1.1 200) 6 headers in 227 bytes (1 switches on core 0)
url: /admin/myadmin/shop/
[pid: 10590|app: 0|req: 12/12] 127.0.0.1 () {52 vars in 944 bytes} [Thu Mar 10 21:57:27 2022] GET /admin/myadmin/shop/ => generated 5029 bytes in 80 msecs (HTTP/1.1 200) 7 headers in 395 bytes (1 switches on core 1)
url: /admin/jsi18n/
[pid: 10590|app: 0|req: 13/13] 127.0.0.1 () {48 vars in 800 bytes} [Thu Mar 10 21:57:28 2022] GET /admin/jsi18n/ => generated 7722 bytes in 21 msecs (HTTP/1.1 200) 4 headers in 132 bytes (1 switches on core 0)
url: /admin/myadmin/shop/8/change/
[pid: 10590|app: 0|req: 14/14] 127.0.0.1 () {52 vars in 975 bytes} [Thu Mar 10 21:57:30 2022] GET /admin/myadmin/shop/8/change/ => generated 8692 bytes in 72 msecs (HTTP/1.1 200) 7 headers in 395 bytes (1 switches on core 1)
url: /admin/jsi18n/
[pid: 10590|app: 0|req: 15/15] 127.0.0.1 () {48 vars in 809 bytes} [Thu Mar 10 21:57:31 2022] GET /admin/jsi18n/ => generated 7722 bytes in 13 msecs (HTTP/1.1 200) 4 headers in 132 bytes (1 switches on core 0)
url: /admin/myadmin/shop/
[pid: 10590|app: 0|req: 16/16] 127.0.0.1 () {52 vars in 944 bytes} [Thu Mar 10 21:57:34 2022] GET /admin/myadmin/shop/ => generated 5029 bytes in 78 msecs (HTTP/1.1 200) 7 headers in 395 bytes (1 switches on core 1)
url: /admin/
[pid: 10590|app: 0|req: 17/17] 127.0.0.1 () {50 vars in 872 bytes} [Thu Mar 10 21:57:35 2022] GET /admin/ => generated 6354 bytes in 27 msecs (HTTP/1.1 200) 6 headers in 227 bytes (1 switches on core 0)
